<?xml version="1.0" encoding="UTF-8"?>
<!-- Generated by org.testng.reporters.JUnitReportReporter -->
<testsuite hostname="LIN80019490" failures="0" tests="2" name="framework.SeleniumFrameworkDesign.BasicTest_For_Pom" time="19.651" errors="0" timestamp="2023-11-03T17:03:01 IST" skipped="0">
  <testcase classname="framework.SeleniumFrameworkDesign.BasicTest_For_Pom" name="Execute" time="12.274"/>
  <testcase classname="framework.SeleniumFrameworkDesign.BasicTest_For_Pom" name="execute2" time="7.377"/>
</testsuite> <!-- framework.SeleniumFrameworkDesign.BasicTest_For_Pom -->
